<?xml version="1.0" encoding="UTF-8"?>
<Site BuildName="Linux-g++-9"
	BuildStamp="20200706-1819-Experimental"
	Name="caden-ThinkPad-P43s"
	Generator="ctest-3.17.3"
	CompilerName="/usr/bin/g++-9"
	CompilerVersion="9.3.0"
	OSName="Linux"
	Hostname="caden-ThinkPad-P43s"
	OSRelease="5.3.0-62-generic"
	OSVersion="#56~18.04.1-Ubuntu SMP Wed Jun 24 16:17:03 UTC 2020"
	OSPlatform="x86_64"
	Is64Bits="1"
	VendorString="GenuineIntel"
	VendorID="Intel Corporation"
	FamilyID="6"
	ModelID="142"
	ProcessorCacheSize="8192"
	NumberOfLogicalCPU="8"
	NumberOfPhysicalCPU="4"
	TotalVirtualMemory="3813"
	TotalPhysicalMemory="15669"
	LogicalProcessorsPerPhysical="2"
	ProcessorClockFrequency="3248.32"
	>
	<Testing>
		<StartDateTime>Jul 06 13:19 CDT</StartDateTime>
		<StartTestTime>1594059577</StartTestTime>
		<TestList/>
		<EndDateTime>Jul 06 13:19 CDT</EndDateTime>
		<EndTestTime>1594059577</EndTestTime>
		<ElapsedMinutes>0</ElapsedMinutes>
	</Testing>
</Site>
